<?xml version="1.0" encoding="UTF-8"?>
<!-- Generated by org.testng.reporters.JUnitReportReporter -->
<testsuite hostname="Daksh-PC" name="com.kapil.firstclass" tests="1" failures="0" timestamp="3 Mar 2014 10:16:56 GMT" time="107.086" errors="0">
  <testcase name="testLogin" time="107.086" classname="com.kapil.firstclass"/>
</testsuite> <!-- com.kapil.firstclass -->
